<?xml version="1.0" encoding="UTF-8"?>
<!-- Generated by org.testng.reporters.JUnitReportReporter -->
<testsuite hostname="DESKTOP-UKPN5A1" failures="0" tests="2" name="com.multiplepackage.TestMutipleSession" time="26.329" errors="0" timestamp="2020-06-07T00:14:33 CEST" skipped="0">
  <testcase classname="com.multiplepackage.TestMutipleSession" name="executeSessionTwo" time="14.489"/>
  <system-out/>
  <testcase classname="com.multiplepackage.TestMutipleSession" name="executSessionOne" time="11.840"/>
  <system-out/>
</testsuite> <!-- com.multiplepackage.TestMutipleSession -->
