<?xml version="1.0" encoding="UTF-8"?>
<!-- Generated by org.testng.reporters.JUnitReportReporter -->
<testsuite hostname="DESKTOP-UKPN5A1" failures="0" tests="3" name="com.multiplepackage.TestMutipleSession" time="41.837" errors="0" timestamp="2020-06-08T00:26:25 CEST" skipped="0">
  <testcase classname="com.multiplepackage.TestMutipleSession" name="executSessionOne" time="11.042"/>
  <system-out/>
  <testcase classname="com.multiplepackage.TestMutipleSession" name="executeSessionThree" time="12.850"/>
  <system-out/>
  <testcase classname="com.multiplepackage.TestMutipleSession" name="executeSessionTwo" time="17.945"/>
  <system-out/>
</testsuite> <!-- com.multiplepackage.TestMutipleSession -->
