<?xml version="1.0" encoding="UTF-8"?>
<!-- Generated by org.testng.reporters.JUnitReportReporter -->
<testsuite hostname="DESKTOP-Amadou" failures="0" tests="5" name="com.day3.ErrorVerification" time="5.771" errors="0" timestamp="2020-06-19T00:02:57 CEST" skipped="0">
  <testcase classname="com.day3.ErrorVerification" name="clickMobileMenu" time="1.417"/>
  <system-out/>
  <testcase classname="com.day3.ErrorVerification" name="addToCard" time="1.482"/>
  <system-out/>
  <testcase classname="com.day3.ErrorVerification" name="changeQty" time="1.546"/>
  <system-out/>
  <testcase classname="com.day3.ErrorVerification" name="VeriyErrorMesage" time="0.146"/>
  <system-out/>
  <testcase classname="com.day3.ErrorVerification" name="clickOnEmptycard" time="1.180"/>
  <system-out/>
</testsuite> <!-- com.day3.ErrorVerification -->
