<?xml version="1.0" encoding="UTF-8"?>
<!-- Generated by org.testng.reporters.JUnitReportReporter -->
<testsuite hostname="DESKTOP-UKPN5A1" failures="0" tests="6" name="com.day1.ProjectKickOff" time="26.705" errors="0" timestamp="2020-06-07T17:34:59 CEST" skipped="0">
  <testcase classname="com.day1.ProjectKickOff" name="Launcbrowser" time="17.009"/>
  <system-out/>
  <testcase classname="com.day1.ProjectKickOff" name="VerifyTitlePage" time="0.036"/>
  <system-out/>
  <testcase classname="com.day1.ProjectKickOff" name="ClickOnMenuMobile" time="2.066"/>
  <system-out/>
  <testcase classname="com.day1.ProjectKickOff" name="VerifyTitlePageMobile" time="0.026"/>
  <system-out/>
  <testcase classname="com.day1.ProjectKickOff" name="SelectDropBox" time="1.766"/>
  <system-out/>
  <testcase classname="com.day1.ProjectKickOff" name="CloseBrowser" time="5.802"/>
  <system-out/>
</testsuite> <!-- com.day1.ProjectKickOff -->
