<?xml version="1.0" encoding="UTF-8"?>
<!-- Generated by org.testng.reporters.JUnitReportReporter -->
<testsuite hostname="DESKTOP-Amadou" failures="0" tests="5" name="com.day5.TestCaseDay5" time="22.725" errors="0" timestamp="2020-06-19T01:20:08 CEST" skipped="0">
  <testcase classname="com.day5.TestCaseDay5" name="setUp" time="11.861"/>
  <system-out/>
  <testcase classname="com.day5.TestCaseDay5" name="clickAccountLink" time="2.272"/>
  <system-out/>
  <testcase classname="com.day5.TestCaseDay5" name="connection" time="2.061"/>
  <system-out/>
  <testcase classname="com.day5.TestCaseDay5" name="TvMenu" time="6.467"/>
  <system-out/>
  <testcase classname="com.day5.TestCaseDay5" name="check" time="0.064"/>
  <system-out/>
</testsuite> <!-- com.day5.TestCaseDay5 -->
