<?xml version="1.0" encoding="UTF-8"?>
<!-- Generated by org.testng.reporters.JUnitReportReporter -->
<testsuite hostname="DESKTOP-UKPN5A1" failures="0" tests="1" name="firsttestngpackage.FirstTestNGFile" time="0.097" errors="0" timestamp="2020-06-05T21:19:14 CEST" skipped="0">
  <testcase classname="firsttestngpackage.FirstTestNGFile" name="verifyHomePageTitle" time="0.097"/>
  <system-out/>
</testsuite> <!-- firsttestngpackage.FirstTestNGFile -->
