<?xml version="1.0" encoding="UTF-8"?>
<!-- Generated by org.testng.reporters.JUnitReportReporter -->
<testsuite hostname="DESKTOP-UKPN5A1" failures="0" tests="2" name="secondtestngpackage.SecondTestNGFile" time="5.679" errors="0" timestamp="2020-06-05T23:38:27 CEST" skipped="0">
  <testcase classname="secondtestngpackage.SecondTestNGFile" name="register" time="3.519"/>
  <system-out/>
  <testcase classname="secondtestngpackage.SecondTestNGFile" name="support" time="2.160"/>
  <system-out/>
</testsuite> <!-- secondtestngpackage.SecondTestNGFile -->
