<?xml version="1.0" encoding="UTF-8"?>
<!-- Generated by org.testng.reporters.JUnitReportReporter -->
<testsuite hostname="DESKTOP-Amadou" failures="0" tests="1" name="example.NewTest" time="3.946" errors="0" timestamp="12 Jun 2020 22:24:04 GMT">
  <testcase classname="example.NewTest" name="testEasy" time="3.946"/>
</testsuite> <!-- example.NewTest -->
