<?xml version="1.0" encoding="UTF-8"?>
<!-- Generated by org.testng.reporters.JUnitReportReporter -->
<testsuite hostname="DESKTOP-Amadou" failures="0" tests="1" name="test.Test99GuruLogin" time="2.124" errors="0" timestamp="2020-06-10T00:05:29 CEST" skipped="0">
  <testcase classname="test.Test99GuruLogin" name="test_Home_Page_Appear_Correct" time="2.124"/>
  <system-out/>
</testsuite> <!-- test.Test99GuruLogin -->
